make.exe all --print-data-base --no-builtin-variables --no-builtin-rules --question
# GNU Make 3.81
# Copyright (C) 2006  Free Software Foundation, Inc.
# This is free software; see the source for copying conditions.
# There is NO warranty; not even for MERCHANTABILITY or FITNESS FOR A
# PARTICULAR PURPOSE.

# This program built for i686-pc-msys
 
.depend:1: *** missing separator.  Stop.
 

# Make data base, printed on Mon Sep 27 11:46:27 2021

# Variables

# automatic
<D = $(patsubst %/,%,$(dir $<))
# automatic
?F = $(notdir $?)
# makefile
 
MAKEFLAGS = Rrqp
# environment
VSCODE_LOG_NATIVE = false
# automatic
?D = $(patsubst %/,%,$(dir $?))
# makefile (from `makefile', line 4)
CPPFLAGS = -g -std=c++11 -lpthread
# automatic
@D = $(patsubst %/,%,$(dir $@))
# environment
HOMEDRIVE = C:
# automatic
@F = $(notdir $@)
# automatic
^D = $(patsubst %/,%,$(dir $^))
# makefile
CURDIR := /d/GitHub/Practiques-GEI-UDL/Sistemes_Concurrents_i_Paralels/Practica_1/Paralel_WordCount 2/C
# default
SHELL := /bin/sh
# makefile (from `makefile', line 3)
RM = rm -f
# environment
WINDIR = C:\WINDOWS
# environment
VSCODE_NLS_CONFIG = {"locale":"es","availableLanguages":{},"_languagePackSupport":true}
# environment
VBOX_MSI_INSTALL_PATH = D:\Programs\VirtualBox\
# environment
ONEDRIVE = C:\Users\tonll\OneDrive
# environment
MSMPI_BIN = C:\Program Files\Microsoft MPI\Bin\
# environment
PATHEXT = .COM;.EXE;.BAT;.CMD;.VBS;.VBE;.JS;.JSE;.WSF;.WSH;.MSC
# makefile (from `.depend', line 1)
MAKEFILE_LIST :=  makefile .depend
# environment
FPS_BROWSER_USER_PROFILE_STRING = Default
# environment
TMP = /tmp
# environment
VSCODE_VERBOSE_LOGGING = true
# environment
PROGRAMW6432 = C:\Program Files
# makefile (from `makefile', line 14)
OBJS = $(subst .cpp,.o,$(SRCS))
# environment
PROGRAMDATA = C:\ProgramData
# environment
VSCODE_IPC_HOOK_EXTHOST = \\.\pipe\vscode-ipc-7abdc99d-b8cb-4287-8b5f-8a0e42856a4b-sock
# environment
VSCODE_CWD = D:\Programs\VSCodeInsiders
# environment
PATH = /d/Programs/Java/OPENJDK_16/bin:/d/Programs/Java/OPENJDK_11/bin:/c/Program Files/Microsoft MPI/Bin/:/c/Program Files (x86)/Common Files/Oracle/Java/javapath:/c/Windows/system32:/c/Windows:/c/Windows/System32/Wbem:/c/Windows/System32/WindowsPowerShell/v1.0/:/c/Windows/System32/OpenSSH/:/c/Program Files/NVIDIA Corporation/NVIDIA NvDLISR:/c/Program Files (x86)/NVIDIA Corporation/PhysX/Common:/c/Program Files/dotnet/:/c/Program Files/Microsoft SQL Server/130/Tools/Binn/:/d/Programs/WinSCP/:/c/WINDOWS/system32:/c/WINDOWS:/c/WINDOWS/System32/Wbem:/c/WINDOWS/System32/WindowsPowerShell/v1.0/:/c/WINDOWS/System32/OpenSSH/:/d/Programs/Git/cmd:/d/Programs/Dart/dart-sdk/bin:/c/Users/tonll/AppData/Local/Programs/Python/Python36/Scripts/:/c/Users/tonll/AppData/Local/Programs/Python/Python36/:/c/Users/tonll/AppData/Local/Microsoft/WindowsApps:/d/Programs/simuladorVN:/usr/bin:/d/Android/SDK:/c/Users/tonll/.dotnet/tools:/d/Programs/pandoc:/d/Programs/MIKTeX/miktex/bin/x64/:/d/Programs/VSCodeInsiders/bin:/d/Programs/heroku/bin
# environment
COMMONPROGRAMW6432 = C:\Program Files\Common Files
# environment
PROCESSOR_ARCHITECTURE = x86
# environment
USERPROFILE = C:\Users\tonll
# environment
ALLUSERSPROFILE = C:\ProgramData
# makefile (from `makefile', line 9)
dep = $(obj:.o=.d)
# environment
VSCODE_LOG_STACK = true
# environment
NUMBER_OF_PROCESSORS = 12
# environment
ELECTRON_RUN_AS_NODE = 1
# makefile (from `makefile', line 5)
LDFLAGS = -g -std=c++11 -lpthread
# environment
ANDROID_HOME = D:\Android\SDK
# default
.FEATURES := target-specific order-only second-expansion else-if archives jobserver check-symlink
# automatic
%F = $(notdir $%)
# environment
CHROME_CRASHPAD_PIPE_NAME = \\.\pipe\crashpad_9248_OYGYBRRDMUNFSEZT
# environment
VSCODE_PIPE_LOGGING = true
# environment
COMPUTERNAME = DESKTOP-3GUF6GF
# environment
PROGRAMFILES = C:\Program Files (x86)
# makefile (from `makefile', line 7)
src = $(wildcard *.c)
# environment
DRIVERDATA = C:\Windows\System32\Drivers\DriverData
# environment
ORIGINAL_XDG_CURRENT_DESKTOP = undefined
# environment
USERNAME = tonll
# environment
PUBLIC = C:\Users\Public
# environment
VSCODE_AMD_ENTRYPOINT = vs/workbench/services/extensions/node/extensionHostProcess
# environment
VSCODE_CODE_CACHE_PATH = C:\Users\tonll\AppData\Roaming\Code - Insiders\CachedData\5991e3c4b97eca5568069bf3e0910ab693ad3549
# environment
APPLICATION_INSIGHTS_NO_DIAGNOSTIC_CHANNEL = true
# environment
COMMONPROGRAMFILES = C:\Program Files (x86)\Common Files
# environment
LOGONSERVER = \\DESKTOP-3GUF6GF
# environment
VSCODE_HANDLES_UNCAUGHT_ERRORS = true
# environment
USERDOMAIN = DESKTOP-3GUF6GF
# makefile (from `makefile', line 8)
obj = $(src:.c=.o)
# default
MAKE = $(MAKE_COMMAND)
# default
MAKECMDGOALS := all
# makefile (from `makefile', line 12)
SRCS = Map.cpp MapReduce.cpp Reduce.cpp Types.cpp WordCount.cpp
# environment
!D: = d:\GitHub\Practiques-GEI-UDL\Sistemes_Concurrents_i_Paralels\Practica_1\Paralel_WordCount 2\C
# makefile (from `makefile', line 1)
CC = gcc
# default
MAKE_VERSION := 3.81
# makefile
.DEFAULT_GOAL := all
# environment
PROGRAMFILES(X86) = C:\Program Files (x86)
# automatic
%D = $(patsubst %/,%,$(dir $%))
# environment
LOCALAPPDATA = C:\Users\tonll\AppData\Local
# environment
PSMODULEPATH = C:\Program Files\WindowsPowerShell\Modules;C:\WINDOWS\system32\WindowsPowerShell\v1.0\Modules
# default
MAKE_COMMAND := "make.exe"
# environment
PROCESSOR_ARCHITEW6432 = AMD64
# default
.VARIABLES := 
# automatic
*F = $(notdir $*)
# environment
PROCESSOR_IDENTIFIER = Intel64 Family 6 Model 158 Stepping 10, GenuineIntel
# environment
OS = Windows_NT
# environment
VSCODE_IPC_HOOK = \\.\pipe\b15753592e31f6c7c6b83cdb278cc2cb-1.61.0-insider-main-sock
# environment
HOMEPATH = \
 
# environment
COMMONPROGRAMFILES(X86) = C:\Program Files (x86)\Common Files
# environment
PROMPT = $P$G
# environment
MFLAGS = -Rrqp
# automatic
*D = $(patsubst %/,%,$(dir $*))
# environment
SYSTEMROOT = C:\WINDOWS
# automatic
+D = $(patsubst %/,%,$(dir $+))
# automatic
+F = $(notdir $+)
# environment
APPDATA = C:\Users\tonll\AppData\Roaming
# environment
TEMP = /tmp
# environment
DART_SDK = D:\Programs\Dart\dart-sdk
# environment
COMSPEC = C:\WINDOWS\system32\cmd.exe
# default
MAKEFILES := 
# automatic
<F = $(notdir $<)
# makefile (from `makefile', line 2)
CXX = g++
# environment
LC_ALL = C
# automatic
^F = $(notdir $^)
# default
SUFFIXES := 
# environment
SYSTEMDRIVE = C:
# environment
SESSIONNAME = Console
# environment
PROCESSOR_REVISION = 9e0a
# default
.INCLUDE_DIRS = /usr/include /usr/include
# environment
MAKELEVEL := 0
# environment
LANG = C
# environment
PROCESSOR_LEVEL = 6
# environment
TERM = cygwin
# environment
FPS_BROWSER_APP_PROFILE_STRING = Internet Explorer
# environment
VSCODE_PID = 9248
# environment
USERDOMAIN_ROAMINGPROFILE = DESKTOP-3GUF6GF
# variable set hash-table stats:
# Load=105/1024=10%, Rehash=0, Collisions=7/127=6%

# Pattern-specific Variable Values

# No pattern-specific variable values.

# Directories

# . (device -21597, inode 1571518): 27 files, no impossibilities.

# 27 files, no impossibilities in 1 directories.

# Implicit Rules

%.o: %.cpp %.h
#  commands to execute (from `makefile', line 22):
	$(CXX) $(CPPFLAGS) -o $@ -c $< 
	

# 1 implicit rules, 0 (0.0%) terminal.

# Files

all: WordCount
#  Command-line target.
#  Implicit rule search has not been done.
#  Modification time never checked.
#  File has not been updated.

.depend: Map.cpp MapReduce.cpp Reduce.cpp Types.cpp WordCount.cpp
#  Implicit rule search has not been done.
#  Modification time never checked.
#  File has not been updated.
#  commands to execute (from `makefile', line 27):
	rm -f ./.depend
	$(CXX) $(CPPFLAGS) -MM $^>>./.depend;
	

# Not a target:
.SUFFIXES:
#  Implicit rule search has not been done.
#  Modification time never checked.
#  File has not been updated.

WordCount: Map.o MapReduce.o Reduce.o Types.o WordCount.o
#  Implicit rule search has not been done.
#  Modification time never checked.
#  File has not been updated.
#  commands to execute (from `makefile', line 19):
	$(CXX) -o $@ $^ $(LDFLAGS)
	

# Not a target:
makefile:
#  Implicit rule search has not been done.
#  Modification time never checked.
#  File has not been updated.

depend: .depend
#  Implicit rule search has not been done.
#  Modification time never checked.
#  File has not been updated.

# Not a target:
.DEFAULT:
#  Implicit rule search has not been done.
#  Modification time never checked.
#  File has not been updated.

dist-clean: clean
#  Implicit rule search has not been done.
#  Modification time never checked.
#  File has not been updated.
#  commands to execute (from `makefile', line 34):
	$(RM) *~ .depend
 
	

clean:
#  Implicit rule search has not been done.
#  Modification time never checked.
#  File has not been updated.
#  commands to execute (from `makefile', line 31):
	$(RM) $(OBJS)
	

# files hash-table stats:
# Load=9/1024=1%, Rehash=0, Collisions=0/12=0%
# VPATH Search Paths

# No `vpath' search paths.

# No general (`VPATH' variable) search path.

# # of strings in strcache: 2
# # of strcache buffers: 1
# strcache size: total = 4096 / max = 4096 / min = 4096 / avg = 4096
# strcache free: total = 4079 / max = 4079 / min = 4079 / avg = 4079

# Finished Make data base on Mon Sep 27 11:46:27 2021

 
